<?xml version="1.0" encoding="UTF-8"?>
<testng-results skipped="0" failed="0" total="3" passed="3">
  <reporter-output>
  </reporter-output>
  <suite name="Default suite" duration-ms="157870" started-at="2021-04-06T08:58:17Z" finished-at="2021-04-06T09:00:55Z">
    <groups>
    </groups>
    <test name="Default test" duration-ms="157870" started-at="2021-04-06T08:58:17Z" finished-at="2021-04-06T09:00:55Z">
      <class name="org.LennvoxRun">
        <test-method status="PASS" signature="startBrowser()[pri:0, instance:org.LennvoxRun@7d9d1a19]" name="startBrowser" is-config="true" duration-ms="21205" started-at="2021-04-06T14:28:18Z" finished-at="2021-04-06T14:28:39Z">
          <reporter-output>
          </reporter-output>
        </test-method> <!-- startBrowser -->
        <test-method status="PASS" signature="testRun(java.lang.String, java.lang.String, java.lang.String, java.lang.String, java.lang.String, java.lang.String, java.lang.String, java.lang.String, java.lang.String)[pri:0, instance:org.LennvoxRun@7d9d1a19]" name="testRun" duration-ms="35925" started-at="2021-04-06T14:28:39Z" data-provider="data" finished-at="2021-04-06T14:29:15Z">
          <params>
            <param index="0">
              <value>
                <![CDATA[lenproautomation8@lenqat.com]]>
              </value>
            </param>
            <param index="1">
              <value>
                <![CDATA[Community17]]>
              </value>
            </param>
            <param index="2">
              <value>
                <![CDATA[Kumar]]>
              </value>
            </param>
            <param index="3">
              <value>
                <![CDATA[ARR]]>
              </value>
            </param>
            <param index="4">
              <value>
                <![CDATA[ghdf@gmail.com]]>
              </value>
            </param>
            <param index="5">
              <value>
                <![CDATA[1234567890]]>
              </value>
            </param>
            <param index="6">
              <value>
                <![CDATA[7-April-2021]]>
              </value>
            </param>
            <param index="7">
              <value>
                <![CDATA[\\src\\test\\resources\\Sample.docx]]>
              </value>
            </param>
            <param index="8">
              <value>
                <![CDATA[\\src\\test\\resources\\sample.jpg]]>
              </value>
            </param>
          </params>
          <reporter-output>
          </reporter-output>
        </test-method> <!-- testRun -->
        <test-method status="PASS" signature="quitBrowser()[pri:0, instance:org.LennvoxRun@7d9d1a19]" name="quitBrowser" is-config="true" duration-ms="1333" started-at="2021-04-06T14:29:15Z" finished-at="2021-04-06T14:29:16Z">
          <reporter-output>
          </reporter-output>
        </test-method> <!-- quitBrowser -->
        <test-method status="PASS" signature="startBrowser()[pri:0, instance:org.LennvoxRun@7d9d1a19]" name="startBrowser" is-config="true" duration-ms="11771" started-at="2021-04-06T14:29:16Z" finished-at="2021-04-06T14:29:28Z">
          <reporter-output>
          </reporter-output>
        </test-method> <!-- startBrowser -->
        <test-method status="PASS" signature="testRun(java.lang.String, java.lang.String, java.lang.String, java.lang.String, java.lang.String, java.lang.String, java.lang.String, java.lang.String, java.lang.String)[pri:0, instance:org.LennvoxRun@7d9d1a19]" name="testRun" duration-ms="37335" started-at="2021-04-06T14:29:28Z" data-provider="data" finished-at="2021-04-06T14:30:06Z">
          <params>
            <param index="0">
              <value>
                <![CDATA[lenproautomation8@lenqat.com]]>
              </value>
            </param>
            <param index="1">
              <value>
                <![CDATA[Community17]]>
              </value>
            </param>
            <param index="2">
              <value>
                <![CDATA[Test]]>
              </value>
            </param>
            <param index="3">
              <value>
                <![CDATA[user]]>
              </value>
            </param>
            <param index="4">
              <value>
                <![CDATA[user001@gmail.com]]>
              </value>
            </param>
            <param index="5">
              <value>
                <![CDATA[2345567990]]>
              </value>
            </param>
            <param index="6">
              <value>
                <![CDATA[7-May-2022]]>
              </value>
            </param>
            <param index="7">
              <value>
                <![CDATA[\\src\\test\\resources\\Sample1.docx]]>
              </value>
            </param>
            <param index="8">
              <value>
                <![CDATA[\\src\\test\\resources\\sample1.jpg]]>
              </value>
            </param>
          </params>
          <reporter-output>
          </reporter-output>
        </test-method> <!-- testRun -->
        <test-method status="PASS" signature="quitBrowser()[pri:0, instance:org.LennvoxRun@7d9d1a19]" name="quitBrowser" is-config="true" duration-ms="1505" started-at="2021-04-06T14:30:06Z" finished-at="2021-04-06T14:30:07Z">
          <reporter-output>
          </reporter-output>
        </test-method> <!-- quitBrowser -->
        <test-method status="PASS" signature="startBrowser()[pri:0, instance:org.LennvoxRun@7d9d1a19]" name="startBrowser" is-config="true" duration-ms="12642" started-at="2021-04-06T14:30:07Z" finished-at="2021-04-06T14:30:20Z">
          <reporter-output>
          </reporter-output>
        </test-method> <!-- startBrowser -->
        <test-method status="PASS" signature="testRun(java.lang.String, java.lang.String, java.lang.String, java.lang.String, java.lang.String, java.lang.String, java.lang.String, java.lang.String, java.lang.String)[pri:0, instance:org.LennvoxRun@7d9d1a19]" name="testRun" duration-ms="34253" started-at="2021-04-06T14:30:20Z" data-provider="data" finished-at="2021-04-06T14:30:54Z">
          <params>
            <param index="0">
              <value>
                <![CDATA[lenproautomation8@lenqat.com]]>
              </value>
            </param>
            <param index="1">
              <value>
                <![CDATA[Community17]]>
              </value>
            </param>
            <param index="2">
              <value>
                <![CDATA[Test01]]>
              </value>
            </param>
            <param index="3">
              <value>
                <![CDATA[kumar]]>
              </value>
            </param>
            <param index="4">
              <value>
                <![CDATA[rg002@gmail.com]]>
              </value>
            </param>
            <param index="5">
              <value>
                <![CDATA[4561235562]]>
              </value>
            </param>
            <param index="6">
              <value>
                <![CDATA[7-July-2022]]>
              </value>
            </param>
            <param index="7">
              <value>
                <![CDATA[\\src\\test\\resources\\Sample2.docx]]>
              </value>
            </param>
            <param index="8">
              <value>
                <![CDATA[\\src\\test\\resources\\sample2.jpg]]>
              </value>
            </param>
          </params>
          <reporter-output>
          </reporter-output>
        </test-method> <!-- testRun -->
        <test-method status="PASS" signature="quitBrowser()[pri:0, instance:org.LennvoxRun@7d9d1a19]" name="quitBrowser" is-config="true" duration-ms="1283" started-at="2021-04-06T14:30:54Z" finished-at="2021-04-06T14:30:55Z">
          <reporter-output>
          </reporter-output>
        </test-method> <!-- quitBrowser -->
      </class> <!-- org.LennvoxRun -->
    </test> <!-- Default test -->
  </suite> <!-- Default suite -->
</testng-results>
